<?xml version="1.0" encoding="UTF-8"?>
<!-- Generated by org.testng.reporters.JUnitReportReporter -->
<testsuite skipped="0" hostname="DESKTOP-0NJPTMA" name="allTest.TC006_GET_Request_ExtractValueOfNodeInJson" tests="1" failures="0" timestamp="27 Mar 2020 02:56:08 GMT" time="4.258" errors="0">
  <testcase name="extractValueOfNodes" time="4.258" classname="allTest.TC006_GET_Request_ExtractValueOfNodeInJson"/>
</testsuite> <!-- allTest.TC006_GET_Request_ExtractValueOfNodeInJson -->
