<?xml version="1.0" encoding="UTF-8"?>
<!-- Generated by org.testng.reporters.JUnitReportReporter -->
<testsuite skipped="0" hostname="DESKTOP-0NJPTMA" name="allTest.TC005_GET_Request_ValidateJsonResponse" tests="1" failures="0" timestamp="28 Mar 2020 02:13:02 GMT" time="3.161" errors="0">
  <testcase name="validateJsonResponse" time="3.161" classname="allTest.TC005_GET_Request_ValidateJsonResponse"/>
</testsuite> <!-- allTest.TC005_GET_Request_ValidateJsonResponse -->
