<?xml version="1.0" encoding="UTF-8"?>
<!-- Generated by org.testng.reporters.JUnitReportReporter -->
<testsuite skipped="0" hostname="DESKTOP-0NJPTMA" name="allTest.TC001_GET_Request" tests="1" failures="0" timestamp="28 Mar 2020 01:53:35 GMT" time="4.291" errors="0">
  <testcase name="getWeatherDetails" time="4.291" classname="allTest.TC001_GET_Request"/>
</testsuite> <!-- allTest.TC001_GET_Request -->
