<?xml version="1.0" encoding="UTF-8"?>
<!-- Generated by org.testng.reporters.JUnitReportReporter -->
<testsuite skipped="0" hostname="DESKTOP-0NJPTMA" name="allTest.TC004_GET_Request_PrintAllHeaders" tests="1" failures="0" timestamp="28 Mar 2020 02:11:42 GMT" time="4.301" errors="0">
  <testcase name="printAllHeaders" time="4.301" classname="allTest.TC004_GET_Request_PrintAllHeaders"/>
</testsuite> <!-- allTest.TC004_GET_Request_PrintAllHeaders -->
