<?xml version="1.0" encoding="UTF-8"?>
<!-- Generated by org.testng.reporters.JUnitReportReporter -->
<testsuite skipped="0" hostname="DESKTOP-0NJPTMA" name="allTest.TC001_POST_Request" tests="1" failures="0" timestamp="26 Mar 2020 03:32:36 GMT" time="4.517" errors="0">
  <testcase name="newCustomerRegistration" time="4.517" classname="allTest.TC001_POST_Request"/>
</testsuite> <!-- allTest.TC001_POST_Request -->
