<?xml version="1.0" encoding="UTF-8"?>
<!-- Generated by org.testng.reporters.JUnitReportReporter -->
<testsuite skipped="0" hostname="DESKTOP-0NJPTMA" name="dataDrivenTest.TC008_POST_Request_NewRecFromXlsx" tests="3" failures="0" timestamp="27 Mar 2020 21:15:28 GMT" time="4.345" errors="0">
  <testcase name="createNewRecord" time="0.474" classname="dataDrivenTest.TC008_POST_Request_NewRecFromXlsx"/>
  <testcase name="createNewRecord" time="0.480" classname="dataDrivenTest.TC008_POST_Request_NewRecFromXlsx"/>
  <testcase name="createNewRecord" time="3.391" classname="dataDrivenTest.TC008_POST_Request_NewRecFromXlsx"/>
</testsuite> <!-- dataDrivenTest.TC008_POST_Request_NewRecFromXlsx -->
