<?xml version="1.0" encoding="UTF-8"?>
<!-- Generated by org.testng.reporters.JUnitReportReporter -->
<testsuite skipped="0" hostname="DESKTOP-0NJPTMA" name="allTest.TC002_POST_Request" tests="1" failures="0" timestamp="27 Mar 2020 03:13:22 GMT" time="4.347" errors="0">
  <testcase name="newCustomerRegistration" time="4.347" classname="allTest.TC002_POST_Request"/>
</testsuite> <!-- allTest.TC002_POST_Request -->
