<?xml version="1.0" encoding="UTF-8"?>
<!-- Generated by org.testng.reporters.JUnitReportReporter -->
<testsuite skipped="0" hostname="DESKTOP-0NJPTMA" name="allTest.TC007_GET_Request_WithAuthorization" tests="1" failures="0" timestamp="26 Mar 2020 22:41:41 GMT" time="2.056" errors="0">
  <testcase name="getAPIWithAuthorization" time="2.056" classname="allTest.TC007_GET_Request_WithAuthorization"/>
</testsuite> <!-- allTest.TC007_GET_Request_WithAuthorization -->
