<?xml version="1.0" encoding="UTF-8"?>
<!-- Generated by org.testng.reporters.JUnitReportReporter -->
<testsuite skipped="0" hostname="DESKTOP-0NJPTMA" name="dataDrivenTest.TC008_POST_Request_CreateNewRecord" tests="3" failures="0" timestamp="27 Mar 2020 02:00:58 GMT" time="9.099" errors="0">
  <testcase name="createNewRecord" time="5.205" classname="dataDrivenTest.TC008_POST_Request_CreateNewRecord"/>
  <testcase name="createNewRecord" time="3.417" classname="dataDrivenTest.TC008_POST_Request_CreateNewRecord"/>
  <testcase name="createNewRecord" time="0.477" classname="dataDrivenTest.TC008_POST_Request_CreateNewRecord"/>
</testsuite> <!-- dataDrivenTest.TC008_POST_Request_CreateNewRecord -->
